[25/Jan/2021:14:40:35] ENGINE Bus STARTING
[25/Jan/2021:14:40:35] ENGINE Serving on http://127.0.0.1:8080
[25/Jan/2021:14:40:35] ENGINE Bus STARTED
[25/Jan/2021:15:04:20] ENGINE Bus STARTING
[25/Jan/2021:15:04:20] ENGINE Serving on http://127.0.0.1:8080
[25/Jan/2021:15:04:20] ENGINE Bus STARTED
[25/Jan/2021:17:10:53] ENGINE Bus STARTING
[25/Jan/2021:17:10:54] ENGINE Error in 'start' listener <bound method Server.start of <cherrypy._cpserver.Server object at 0x00000263AFAB0400>>
Traceback (most recent call last):
  File "C:\Python39\lib\site-packages\portend.py", line 122, in free
    Checker(timeout=0.1).assert_free(host, port)
  File "C:\Python39\lib\site-packages\portend.py", line 71, in assert_free
    list(itertools.starmap(self._connect, info))
  File "C:\Python39\lib\site-packages\portend.py", line 87, in _connect
    raise PortNotFree(tmpl.format(**locals()))
portend.PortNotFree: Port 127.0.0.1 is in use on 8080.

During handling of the above exception, another exception occurred:

Traceback (most recent call last):
  File "C:\Python39\lib\site-packages\cherrypy\process\wspbus.py", line 230, in publish
    output.append(listener(*args, **kwargs))
  File "C:\Python39\lib\site-packages\cherrypy\_cpserver.py", line 180, in start
    super(Server, self).start()
  File "C:\Python39\lib\site-packages\cherrypy\process\servers.py", line 177, in start
    portend.free(*self.bind_addr, timeout=Timeouts.free)
  File "C:\Python39\lib\site-packages\portend.py", line 126, in free
    raise Timeout("Port {port} not free on {host}.".format(**locals()))
portend.Timeout: Port 8080 not free on 127.0.0.1.

[25/Jan/2021:17:10:54] ENGINE Shutting down due to error in start listener:
Traceback (most recent call last):
  File "C:\Python39\lib\site-packages\cherrypy\process\wspbus.py", line 268, in start
    self.publish('start')
  File "C:\Python39\lib\site-packages\cherrypy\process\wspbus.py", line 248, in publish
    raise exc
cherrypy.process.wspbus.ChannelFailures: Timeout('Port 8080 not free on 127.0.0.1.')

[25/Jan/2021:17:10:54] ENGINE Bus STOPPING
[25/Jan/2021:17:10:54] ENGINE HTTP Server cherrypy._cpwsgi_server.CPWSGIServer(('127.0.0.1', 8080)) already shut down
[25/Jan/2021:17:10:54] ENGINE Bus STOPPED
[25/Jan/2021:17:10:54] ENGINE Bus EXITING
[25/Jan/2021:17:10:54] ENGINE Bus EXITED
[25/Jan/2021:17:11:27] ENGINE Bus STARTING
[25/Jan/2021:17:11:27] ENGINE Serving on http://127.0.0.1:8080
[25/Jan/2021:17:11:27] ENGINE Bus STARTED
[25/Jan/2021:18:27:17] ENGINE Bus STARTING
[25/Jan/2021:18:27:17] ENGINE Serving on http://127.0.0.1:8080
[25/Jan/2021:18:27:17] ENGINE Bus STARTED
